Using pre-set license
Built from '2022.3/staging' branch; Version is '2022.3.4f1 (35713cd46cd7) revision 3502396'; Using compiler version '192829333'; Build Type 'Release'
OS: 'Windows 10  (10.0.19045) 64bit Core' Language: 'en' Physical Memory: 32160 MB
BatchMode: 1, IsHumanControllingUs: 0, StartBugReporterOnCrash: 0, Is64bit: 1, IsPro: 1

COMMAND LINE ARGUMENTS:
C:\Applications\Unity\Unity Versions\2022.3.4f1\Editor\Unity.exe
-adb2
-batchMode
-noUpm
-name
AssetImportWorker2
-projectPath
D:/Unity Projects/KenneyJam
-logFile
Logs/AssetImportWorker2.log
-srvPort
59349
Successfully changed project path to: D:/Unity Projects/KenneyJam
D:/Unity Projects/KenneyJam
[UnityMemory] Configuration Parameters - Can be set up in boot.config
    "memorysetup-bucket-allocator-granularity=16"
    "memorysetup-bucket-allocator-bucket-count=8"
    "memorysetup-bucket-allocator-block-size=33554432"
    "memorysetup-bucket-allocator-block-count=8"
    "memorysetup-main-allocator-block-size=16777216"
    "memorysetup-thread-allocator-block-size=16777216"
    "memorysetup-gfx-main-allocator-block-size=16777216"
    "memorysetup-gfx-thread-allocator-block-size=16777216"
    "memorysetup-cache-allocator-block-size=4194304"
    "memorysetup-typetree-allocator-block-size=2097152"
    "memorysetup-profiler-bucket-allocator-granularity=16"
    "memorysetup-profiler-bucket-allocator-bucket-count=8"
    "memorysetup-profiler-bucket-allocator-block-size=33554432"
    "memorysetup-profiler-bucket-allocator-block-count=8"
    "memorysetup-profiler-allocator-block-size=16777216"
    "memorysetup-profiler-editor-allocator-block-size=1048576"
    "memorysetup-temp-allocator-size-main=16777216"
    "memorysetup-job-temp-allocator-block-size=2097152"
    "memorysetup-job-temp-allocator-block-size-background=1048576"
    "memorysetup-job-temp-allocator-reduction-small-platforms=262144"
    "memorysetup-allocator-temp-initial-block-size-main=262144"
    "memorysetup-allocator-temp-initial-block-size-worker=262144"
    "memorysetup-temp-allocator-size-background-worker=32768"
    "memorysetup-temp-allocator-size-job-worker=262144"
    "memorysetup-temp-allocator-size-preload-manager=33554432"
    "memorysetup-temp-allocator-size-nav-mesh-worker=65536"
    "memorysetup-temp-allocator-size-audio-worker=65536"
    "memorysetup-temp-allocator-size-cloud-worker=32768"
    "memorysetup-temp-allocator-size-gi-baking-worker=262144"
    "memorysetup-temp-allocator-size-gfx=262144"
Player connection [86396] Host "[IP] 192.168.0.106 [Port] 0 [Flags] 2 [Guid] 2466839339 [EditorId] 2466839339 [Version] 1048832 [Id] WindowsEditor(7,LAPTOP-MLLVMN6P) [Debug] 1 [PackageName] WindowsEditor [ProjectName] Editor" joined multi-casting on [225.0.0.222:54997]...

Player connection [86396] Host "[IP] 192.168.0.106 [Port] 0 [Flags] 2 [Guid] 2466839339 [EditorId] 2466839339 [Version] 1048832 [Id] WindowsEditor(7,LAPTOP-MLLVMN6P) [Debug] 1 [PackageName] WindowsEditor [ProjectName] Editor" joined alternative multi-casting on [225.0.0.222:34997]...

Refreshing native plugins compatible for Editor in 7.90 ms, found 3 plugins.
Preloading 0 native plugins for Editor in 0.00 ms.
Initialize engine version: 2022.3.4f1 (35713cd46cd7)
[Subsystems] Discovering subsystems at path C:/Applications/Unity/Unity Versions/2022.3.4f1/Editor/Data/Resources/UnitySubsystems
[Subsystems] Discovering subsystems at path D:/Unity Projects/KenneyJam/Assets
GfxDevice: creating device client; threaded=0; jobified=0
Direct3D:
    Version:  Direct3D 11.0 [level 11.1]
    Renderer: NVIDIA GeForce RTX 3080 Laptop GPU (ID=0x249c)
    Vendor:   NVIDIA
    VRAM:     8031 MB
    Driver:   31.0.15.2647
Initialize mono
Mono path[0] = 'C:/Applications/Unity/Unity Versions/2022.3.4f1/Editor/Data/Managed'
Mono path[1] = 'C:/Applications/Unity/Unity Versions/2022.3.4f1/Editor/Data/MonoBleedingEdge/lib/mono/unityjit-win32'
Mono config path = 'C:/Applications/Unity/Unity Versions/2022.3.4f1/Editor/Data/MonoBleedingEdge/etc'
Using monoOptions --debugger-agent=transport=dt_socket,embedding=1,server=y,suspend=n,address=127.0.0.1:56132
Begin MonoManager ReloadAssembly
Registering precompiled unity dll's ...
Register platform support module: C:/Applications/Unity/Unity Versions/2022.3.4f1/Editor/Data/PlaybackEngines/AndroidPlayer/UnityEditor.Android.Extensions.dll
Register platform support module: C:/Applications/Unity/Unity Versions/2022.3.4f1/Editor/Data/PlaybackEngines/WindowsStandaloneSupport/UnityEditor.WindowsStandalone.Extensions.dll
Registered in 0.012220 seconds.
- Loaded All Assemblies, in  0.400 seconds
Native extension for WindowsStandalone target not found
Native extension for Android target not found
Android Extension - Scanning For ADB Devices 367 ms
Mono: successfully reloaded assembly
- Finished resetting the current domain, in  0.763 seconds
Domain Reload Profiling: 1160ms
	BeginReloadAssembly (104ms)
		ExecutionOrderSort (0ms)
		DisableScriptedObjects (0ms)
		BackupInstance (0ms)
		ReleaseScriptingObjects (0ms)
		CreateAndSetChildDomain (1ms)
	RebuildCommonClasses (38ms)
	RebuildNativeTypeToScriptingClass (10ms)
	initialDomainReloadingComplete (73ms)
	LoadAllAssembliesAndSetupDomain (171ms)
		LoadAssemblies (101ms)
		RebuildTransferFunctionScriptingTraits (0ms)
		AnalyzeDomain (163ms)
			TypeCache.Refresh (161ms)
				TypeCache.ScanAssembly (145ms)
			ScanForSourceGeneratedMonoScriptInfo (1ms)
			ResolveRequiredComponents (1ms)
	FinalizeReload (763ms)
		ReleaseScriptCaches (0ms)
		RebuildScriptCaches (0ms)
		SetupLoadedEditorAssemblies (692ms)
			LogAssemblyErrors (0ms)
			InitializePlatformSupportModulesInManaged (510ms)
			SetLoadedEditorAssemblies (5ms)
			RefreshPlugins (0ms)
			BeforeProcessingInitializeOnLoad (3ms)
			ProcessInitializeOnLoadAttributes (122ms)
			ProcessInitializeOnLoadMethodAttributes (51ms)
			AfterProcessingInitializeOnLoad (0ms)
			EditorAssembliesLoaded (0ms)
		ExecutionOrderSort2 (0ms)
		AwakeInstancesAfterBackupRestoration (0ms)
========================================================================
Worker process is ready to serve import requests
Begin MonoManager ReloadAssembly
Symbol file LoadedFromMemory doesn't match image D:\Unity Projects\KenneyJam\Library\PackageCache\com.unity.visualscripting@1.8.0\Editor\VisualScripting.Core\Dependencies\YamlDotNet\Unity.VisualScripting.YamlDotNet.dll
Symbol file LoadedFromMemory doesn't match image D:\Unity Projects\KenneyJam\Library\PackageCache\com.unity.visualscripting@1.8.0\Editor\VisualScripting.Core\Dependencies\DotNetZip\Unity.VisualScripting.IonicZip.dll
- Loaded All Assemblies, in  0.800 seconds
Refreshing native plugins compatible for Editor in 2.12 ms, found 3 plugins.
Native extension for WindowsStandalone target not found
Native extension for Android target not found
Mono: successfully reloaded assembly
- Finished resetting the current domain, in  0.610 seconds
Domain Reload Profiling: 1407ms
	BeginReloadAssembly (149ms)
		ExecutionOrderSort (0ms)
		DisableScriptedObjects (6ms)
		BackupInstance (0ms)
		ReleaseScriptingObjects (0ms)
		CreateAndSetChildDomain (24ms)
	RebuildCommonClasses (34ms)
	RebuildNativeTypeToScriptingClass (10ms)
	initialDomainReloadingComplete (47ms)
	LoadAllAssembliesAndSetupDomain (556ms)
		LoadAssemblies (323ms)
		RebuildTransferFunctionScriptingTraits (0ms)
		AnalyzeDomain (306ms)
			TypeCache.Refresh (286ms)
				TypeCache.ScanAssembly (270ms)
			ScanForSourceGeneratedMonoScriptInfo (16ms)
			ResolveRequiredComponents (4ms)
	FinalizeReload (611ms)
		ReleaseScriptCaches (0ms)
		RebuildScriptCaches (0ms)
		SetupLoadedEditorAssemblies (426ms)
			LogAssemblyErrors (0ms)
			InitializePlatformSupportModulesInManaged (30ms)
			SetLoadedEditorAssemblies (5ms)
			RefreshPlugins (0ms)
			BeforeProcessingInitializeOnLoad (101ms)
			ProcessInitializeOnLoadAttributes (258ms)
			ProcessInitializeOnLoadMethodAttributes (22ms)
			AfterProcessingInitializeOnLoad (10ms)
			EditorAssembliesLoaded (0ms)
		ExecutionOrderSort2 (0ms)
		AwakeInstancesAfterBackupRestoration (8ms)
Launched and connected shader compiler UnityShaderCompiler.exe after 0.06 seconds
Refreshing native plugins compatible for Editor in 3.10 ms, found 3 plugins.
Preloading 0 native plugins for Editor in 0.00 ms.
Unloading 3167 Unused Serialized files (Serialized files now loaded: 0)
Unloading 33 unused Assets / (29.1 KB). Loaded Objects now: 3637.
Memory consumption went from 124.3 MB to 124.3 MB.
Total: 3.840400 ms (FindLiveObjects: 0.404400 ms CreateObjectMapping: 0.147200 ms MarkObjects: 3.209600 ms  DeleteObjects: 0.077800 ms)

AssetImportParameters requested are different than current active one (requested -> active):
  custom:container-demuxer-ogg: 62fdf1f143b41e24485cea50d1cbac27 -> 
  custom:video-codec-MediaFoundation-h265: 746d11721c4dcdbdad8f713fa42b33f4 -> 
  custom:video-decoder-ogg-theora: a1e56fd34408186e4bbccfd4996cb3dc -> 
  custom:framework-win-MediaFoundation: 216162199b28c13a410421893ffa2e32 -> 
  custom:CustomObjectIndexerAttribute: 756ad292c208cfabdd7b50bc23989ffe -> 
  custom:container-demuxer-webm: 4f35f7cbe854078d1ac9338744f61a02 -> 
  custom:container-muxer-webm: aa71ff27fc2769a1b78a27578f13a17b -> 
  custom:video-decoder-webm-vp8: 9c59270c3fd7afecdb556c50c9e8de78 -> 
  custom:AudioImporter_EditorPlatform: d09bf68614088b80899f8185d706f6e7 -> 
  custom:video-encoder-webm-vp8: eb34c28f22e8b96e1ab97ce403110664 -> 
  custom:audio-decoder-ogg-vorbis: bf7c407c2cedff20999df2af8eb42d56 -> 
  custom:audio-encoder-webm-vorbis: bf7c407c2cedff20999df2af8eb42d56 -> 
========================================================================
Received Import Request.
  Time since last request: 1800944.279289 seconds.
  path: Assets/Assets/Buildings/corridor_wall.fbx
  artifactKey: Guid(652b0f0abb6621349aff542891077396) Importer(2089858483,0ecaa5967403d082aa24f35e1b516d23)
Start importing Assets/Assets/Buildings/corridor_wall.fbx using Guid(652b0f0abb6621349aff542891077396) Importer(2089858483,0ecaa5967403d082aa24f35e1b516d23) Generated GUIDs only implemented for interfaces!
 -> (artifact id: '457d6c420957f72947d0d36dfebcb658') in 0.188817 seconds
Number of updated asset objects reloaded before import = 0
Number of asset objects unloaded after import = 10
========================================================================
Received Import Request.
  Time since last request: 0.000024 seconds.
  path: Assets/Textures/Background.png
  artifactKey: Guid(bbfda0284376f75469940e39cb64b410) Importer(2089858483,0ecaa5967403d082aa24f35e1b516d23)
Start importing Assets/Textures/Background.png using Guid(bbfda0284376f75469940e39cb64b410) Importer(2089858483,0ecaa5967403d082aa24f35e1b516d23) Generated GUIDs only implemented for interfaces!
 -> (artifact id: '080f7487bb6408b38bcefbfcb6804157') in 0.089473 seconds
Number of updated asset objects reloaded before import = 0
Number of asset objects unloaded after import = 3
========================================================================
Received Import Request.
  Time since last request: 0.000020 seconds.
  path: Assets/Assets/Buildings/corridor_window.fbx
  artifactKey: Guid(cd4d727c0d02fcc4b97b14d9ff7b0f61) Importer(2089858483,0ecaa5967403d082aa24f35e1b516d23)
Start importing Assets/Assets/Buildings/corridor_window.fbx using Guid(cd4d727c0d02fcc4b97b14d9ff7b0f61) Importer(2089858483,0ecaa5967403d082aa24f35e1b516d23) Generated GUIDs only implemented for interfaces!
 -> (artifact id: '4e6e00d883f2cd77a982a21ed5a630cf') in 0.045268 seconds
Number of updated asset objects reloaded before import = 0
Number of asset objects unloaded after import = 11
========================================================================
Received Import Request.
  Time since last request: 0.000067 seconds.
  path: Assets/Assets/Objects/machine_generator.fbx
  artifactKey: Guid(cd08183f52afcce499e2f22f832fb2f4) Importer(2089858483,0ecaa5967403d082aa24f35e1b516d23)
Start importing Assets/Assets/Objects/machine_generator.fbx using Guid(cd08183f52afcce499e2f22f832fb2f4) Importer(2089858483,0ecaa5967403d082aa24f35e1b516d23) Generated GUIDs only implemented for interfaces!
 -> (artifact id: '6fbf34ccc13f33dacbb139e8d0de246c') in 0.050353 seconds
Number of updated asset objects reloaded before import = 0
Number of asset objects unloaded after import = 17
========================================================================
Received Import Request.
  Time since last request: 0.000020 seconds.
  path: Assets/Fonts/Kenney Mini Square.ttf
  artifactKey: Guid(47b6e09d6a764af4ba507a96997fcb6e) Importer(2089858483,0ecaa5967403d082aa24f35e1b516d23)
Start importing Assets/Fonts/Kenney Mini Square.ttf using Guid(47b6e09d6a764af4ba507a96997fcb6e) Importer(2089858483,0ecaa5967403d082aa24f35e1b516d23) Generated GUIDs only implemented for interfaces!
 -> (artifact id: 'fb2d77ba41c959c19e87d528f7ba1049') in 0.040342 seconds
Number of updated asset objects reloaded before import = 0
Number of asset objects unloaded after import = 3
========================================================================
Received Import Request.
  Time since last request: 0.000018 seconds.
  path: Assets/Assets/FBX_Models/chimney_detailed.fbx
  artifactKey: Guid(ab0e3d9d2b916e64a90b04b5089c73ef) Importer(2089858483,0ecaa5967403d082aa24f35e1b516d23)
Start importing Assets/Assets/FBX_Models/chimney_detailed.fbx using Guid(ab0e3d9d2b916e64a90b04b5089c73ef) Importer(2089858483,0ecaa5967403d082aa24f35e1b516d23) Generated GUIDs only implemented for interfaces!
 -> (artifact id: 'ab00c221a29cbdd5675db56999b2bfeb') in 0.041632 seconds
Number of updated asset objects reloaded before import = 0
Number of asset objects unloaded after import = 10
========================================================================
Received Import Request.
  Time since last request: 0.000017 seconds.
  path: Assets/Assets/FBX_Models/pipe_rampSmall.fbx
  artifactKey: Guid(417e246dd8b6b3c4080109d6753fb6fe) Importer(2089858483,0ecaa5967403d082aa24f35e1b516d23)
Start importing Assets/Assets/FBX_Models/pipe_rampSmall.fbx using Guid(417e246dd8b6b3c4080109d6753fb6fe) Importer(2089858483,0ecaa5967403d082aa24f35e1b516d23) Generated GUIDs only implemented for interfaces!
 -> (artifact id: 'b676583ca1ccf162d9d9e2c4aa69f9a6') in 0.039963 seconds
Number of updated asset objects reloaded before import = 0
Number of asset objects unloaded after import = 10
========================================================================
Received Import Request.
  Time since last request: 0.000015 seconds.
  path: Assets/Assets/Objects/monorail_trainCargo.fbx
  artifactKey: Guid(3ca13cf78b1d8e649b0c49a9ce0d1987) Importer(2089858483,0ecaa5967403d082aa24f35e1b516d23)
Start importing Assets/Assets/Objects/monorail_trainCargo.fbx using Guid(3ca13cf78b1d8e649b0c49a9ce0d1987) Importer(2089858483,0ecaa5967403d082aa24f35e1b516d23) Generated GUIDs only implemented for interfaces!
 -> (artifact id: 'eb568bc86e691ceb0efab839f8529048') in 0.055133 seconds
Number of updated asset objects reloaded before import = 0
Number of asset objects unloaded after import = 17
========================================================================
Received Import Request.
  Time since last request: 0.000020 seconds.
  path: Assets/Assets/FBX_Models/desk_computer.fbx
  artifactKey: Guid(dc2db9080da20ab429707213dc8209cf) Importer(2089858483,0ecaa5967403d082aa24f35e1b516d23)
Start importing Assets/Assets/FBX_Models/desk_computer.fbx using Guid(dc2db9080da20ab429707213dc8209cf) Importer(2089858483,0ecaa5967403d082aa24f35e1b516d23) Generated GUIDs only implemented for interfaces!
 -> (artifact id: 'f1211b3d069e51987bdd9159663b33c5') in 0.044004 seconds
Number of updated asset objects reloaded before import = 0
Number of asset objects unloaded after import = 10
========================================================================
Received Import Request.
  Time since last request: 0.000026 seconds.
  path: Assets/Assets/FBX_Models/rail.fbx
  artifactKey: Guid(93cc0609cb83c944d9063344a0f285e7) Importer(2089858483,0ecaa5967403d082aa24f35e1b516d23)
Start importing Assets/Assets/FBX_Models/rail.fbx using Guid(93cc0609cb83c944d9063344a0f285e7) Importer(2089858483,0ecaa5967403d082aa24f35e1b516d23) Generated GUIDs only implemented for interfaces!
 -> (artifact id: '17dda7f8195f8792cd7977f66db293c4') in 0.043627 seconds
Number of updated asset objects reloaded before import = 0
Number of asset objects unloaded after import = 9
========================================================================
Received Import Request.
  Time since last request: 0.000029 seconds.
  path: Assets/Assets/Buildings/structure_diagonal.fbx
  artifactKey: Guid(499c193ad02270c448231dca3f05ff31) Importer(2089858483,0ecaa5967403d082aa24f35e1b516d23)
Start importing Assets/Assets/Buildings/structure_diagonal.fbx using Guid(499c193ad02270c448231dca3f05ff31) Importer(2089858483,0ecaa5967403d082aa24f35e1b516d23) Generated GUIDs only implemented for interfaces!
 -> (artifact id: 'd0ccb2f2e71d5eff95c4447ade4ac584') in 0.040848 seconds
Number of updated asset objects reloaded before import = 0
Number of asset objects unloaded after import = 10
========================================================================
Received Import Request.
  Time since last request: 0.000018 seconds.
  path: Assets/Assets/FBX_Models/terrain_rampLarge_detailed.fbx
  artifactKey: Guid(b26066da003892c4eb5d74998fcca281) Importer(2089858483,0ecaa5967403d082aa24f35e1b516d23)
Start importing Assets/Assets/FBX_Models/terrain_rampLarge_detailed.fbx using Guid(b26066da003892c4eb5d74998fcca281) Importer(2089858483,0ecaa5967403d082aa24f35e1b516d23) Generated GUIDs only implemented for interfaces!
 -> (artifact id: '62acbb537cd55ad64717da5fdb193983') in 0.041366 seconds
Number of updated asset objects reloaded before import = 0
Number of asset objects unloaded after import = 9
========================================================================
Received Import Request.
  Time since last request: 0.000018 seconds.
  path: Assets/Assets/Buildings/structure_closed.fbx
  artifactKey: Guid(73205d36aaaadaf48a616ccf3e436b72) Importer(2089858483,0ecaa5967403d082aa24f35e1b516d23)
Start importing Assets/Assets/Buildings/structure_closed.fbx using Guid(73205d36aaaadaf48a616ccf3e436b72) Importer(2089858483,0ecaa5967403d082aa24f35e1b516d23) Generated GUIDs only implemented for interfaces!
 -> (artifact id: '80484d6d6a5f8b58ae58f248f2aba656') in 0.043039 seconds
Number of updated asset objects reloaded before import = 0
Number of asset objects unloaded after import = 10
========================================================================
Received Import Request.
  Time since last request: 0.000019 seconds.
  path: Assets/Assets/FBX_Models/terrain_side.fbx
  artifactKey: Guid(10a81b1907e0ec24db94ec9c5891cdd0) Importer(2089858483,0ecaa5967403d082aa24f35e1b516d23)
Start importing Assets/Assets/FBX_Models/terrain_side.fbx using Guid(10a81b1907e0ec24db94ec9c5891cdd0) Importer(2089858483,0ecaa5967403d082aa24f35e1b516d23) Generated GUIDs only implemented for interfaces!
 -> (artifact id: 'af0377f9e8ad40a5dca256f34f199425') in 0.037522 seconds
Number of updated asset objects reloaded before import = 0
Number of asset objects unloaded after import = 8
========================================================================
Received Import Request.
  Time since last request: 0.000020 seconds.
  path: Assets/Assets/FBX_Models/stairs.fbx
  artifactKey: Guid(e858b4c6c413ef24d98823f1bafc0cac) Importer(2089858483,0ecaa5967403d082aa24f35e1b516d23)
Start importing Assets/Assets/FBX_Models/stairs.fbx using Guid(e858b4c6c413ef24d98823f1bafc0cac) Importer(2089858483,0ecaa5967403d082aa24f35e1b516d23) Generated GUIDs only implemented for interfaces!
 -> (artifact id: 'e62106311f59b566a23186b4c2e71e21') in 0.043980 seconds
Number of updated asset objects reloaded before import = 0
Number of asset objects unloaded after import = 10
========================================================================
Received Import Request.
  Time since last request: 0.000027 seconds.
  path: Assets/Assets/FBX_Models/monorail_trackStraight.fbx
  artifactKey: Guid(dbb4c976edecde6479df96088b9047e7) Importer(2089858483,0ecaa5967403d082aa24f35e1b516d23)
Start importing Assets/Assets/FBX_Models/monorail_trackStraight.fbx using Guid(dbb4c976edecde6479df96088b9047e7) Importer(2089858483,0ecaa5967403d082aa24f35e1b516d23) Generated GUIDs only implemented for interfaces!
 -> (artifact id: 'c89d88e3f9829de8ce2e91492280010b') in 0.060220 seconds
Number of updated asset objects reloaded before import = 0
Number of asset objects unloaded after import = 9
========================================================================
Received Import Request.
  Time since last request: 0.000020 seconds.
  path: Assets/Assets/Objects/monorail_trainFront.fbx
  artifactKey: Guid(db1a6f5f2638d4a449e3d1b4313130a1) Importer(2089858483,0ecaa5967403d082aa24f35e1b516d23)
Start importing Assets/Assets/Objects/monorail_trainFront.fbx using Guid(db1a6f5f2638d4a449e3d1b4313130a1) Importer(2089858483,0ecaa5967403d082aa24f35e1b516d23) Generated GUIDs only implemented for interfaces!
 -> (artifact id: '30f14af1ca3f2cdf311cf1f1abc2bf32') in 0.043169 seconds
Number of updated asset objects reloaded before import = 0
Number of asset objects unloaded after import = 10
========================================================================
Received Import Request.
  Time since last request: 0.000020 seconds.
  path: Assets/Assets/Objects/rocks_smallB.fbx
  artifactKey: Guid(6608565ad80e623449b37ab7cd29a978) Importer(2089858483,0ecaa5967403d082aa24f35e1b516d23)
Start importing Assets/Assets/Objects/rocks_smallB.fbx using Guid(6608565ad80e623449b37ab7cd29a978) Importer(2089858483,0ecaa5967403d082aa24f35e1b516d23) Generated GUIDs only implemented for interfaces!
 -> (artifact id: 'a335c26d0451d87080dff969c3101ab4') in 0.042491 seconds
Number of updated asset objects reloaded before import = 0
Number of asset objects unloaded after import = 8
========================================================================
Received Import Request.
  Time since last request: 0.000021 seconds.
  path: Assets/Assets/Terrain/platform_cornerOpen.fbx
  artifactKey: Guid(193d4f8015cd24c4db0cba73871a7d3c) Importer(2089858483,0ecaa5967403d082aa24f35e1b516d23)
Start importing Assets/Assets/Terrain/platform_cornerOpen.fbx using Guid(193d4f8015cd24c4db0cba73871a7d3c) Importer(2089858483,0ecaa5967403d082aa24f35e1b516d23) Generated GUIDs only implemented for interfaces!
 -> (artifact id: 'b26b28b05e982a8851445a5d85247a62') in 0.046983 seconds
Number of updated asset objects reloaded before import = 0
Number of asset objects unloaded after import = 10
========================================================================
Received Import Request.
  Time since last request: 0.000017 seconds.
  path: Assets/Assets/Objects/pipe_corner.fbx
  artifactKey: Guid(25b4215eba4ff2e4185a18d557f308a1) Importer(2089858483,0ecaa5967403d082aa24f35e1b516d23)
Start importing Assets/Assets/Objects/pipe_corner.fbx using Guid(25b4215eba4ff2e4185a18d557f308a1) Importer(2089858483,0ecaa5967403d082aa24f35e1b516d23) Generated GUIDs only implemented for interfaces!
 -> (artifact id: '556227e326844673114681b97c6b90de') in 0.044253 seconds
Number of updated asset objects reloaded before import = 0
Number of asset objects unloaded after import = 9
========================================================================
Received Import Request.
  Time since last request: 0.000023 seconds.
  path: Assets/Assets/Objects/pipe_entrance.fbx
  artifactKey: Guid(db6b360d23eb9ad4dbe046674bd03cf8) Importer(2089858483,0ecaa5967403d082aa24f35e1b516d23)
Start importing Assets/Assets/Objects/pipe_entrance.fbx using Guid(db6b360d23eb9ad4dbe046674bd03cf8) Importer(2089858483,0ecaa5967403d082aa24f35e1b516d23) Generated GUIDs only implemented for interfaces!
 -> (artifact id: '2c549235585fdde902a6436c29961250') in 0.040109 seconds
Number of updated asset objects reloaded before import = 0
Number of asset objects unloaded after import = 9
========================================================================
Received Import Request.
  Time since last request: 0.000026 seconds.
  path: Assets/Assets/Terrain/platform_cornerRound.fbx
  artifactKey: Guid(67ee551beaa0a3d41ab90a4fc34e6124) Importer(2089858483,0ecaa5967403d082aa24f35e1b516d23)
Start importing Assets/Assets/Terrain/platform_cornerRound.fbx using Guid(67ee551beaa0a3d41ab90a4fc34e6124) Importer(2089858483,0ecaa5967403d082aa24f35e1b516d23) Generated GUIDs only implemented for interfaces!
 -> (artifact id: '49113197cdbe3ceefd10594b28ad296d') in 0.043415 seconds
Number of updated asset objects reloaded before import = 0
Number of asset objects unloaded after import = 10
========================================================================
Received Import Request.
  Time since last request: 0.000021 seconds.
  path: Assets/Assets/Terrain/platform_center.fbx
  artifactKey: Guid(7f02f4c6c89ab6f4d9c7212ed464efb7) Importer(2089858483,0ecaa5967403d082aa24f35e1b516d23)
Start importing Assets/Assets/Terrain/platform_center.fbx using Guid(7f02f4c6c89ab6f4d9c7212ed464efb7) Importer(2089858483,0ecaa5967403d082aa24f35e1b516d23) Generated GUIDs only implemented for interfaces!
 -> (artifact id: '7d9ba7bcada560bff0b018be5886c387') in 0.038522 seconds
Number of updated asset objects reloaded before import = 0
Number of asset objects unloaded after import = 8
========================================================================
Received Import Request.
  Time since last request: 0.000018 seconds.
  path: Assets/Assets/FBX_Models/terrain_sideCorner.fbx
  artifactKey: Guid(c71169b25dee70d4e86e07b4253ce691) Importer(2089858483,0ecaa5967403d082aa24f35e1b516d23)
Start importing Assets/Assets/FBX_Models/terrain_sideCorner.fbx using Guid(c71169b25dee70d4e86e07b4253ce691) Importer(2089858483,0ecaa5967403d082aa24f35e1b516d23) Generated GUIDs only implemented for interfaces!
 -> (artifact id: 'd071556898387ae6bcebc4c656012a73') in 0.039817 seconds
Number of updated asset objects reloaded before import = 0
Number of asset objects unloaded after import = 9
========================================================================
Received Import Request.
  Time since last request: 0.000018 seconds.
  path: Assets/Assets/FBX_Models/monorail_trackSupport.fbx
  artifactKey: Guid(9967acb10d4daca4696fa38af511298a) Importer(2089858483,0ecaa5967403d082aa24f35e1b516d23)
Start importing Assets/Assets/FBX_Models/monorail_trackSupport.fbx using Guid(9967acb10d4daca4696fa38af511298a) Importer(2089858483,0ecaa5967403d082aa24f35e1b516d23) Generated GUIDs only implemented for interfaces!
 -> (artifact id: 'c22515d87d7f2e5426970b6c49be99fb') in 0.043167 seconds
Number of updated asset objects reloaded before import = 0
Number of asset objects unloaded after import = 10
========================================================================
Received Import Request.
  Time since last request: 0.000018 seconds.
  path: Assets/Fonts/Kenney Future.ttf
  artifactKey: Guid(b8dd2b003eae04f41879b25d8431a9a9) Importer(2089858483,0ecaa5967403d082aa24f35e1b516d23)
Start importing Assets/Fonts/Kenney Future.ttf using Guid(b8dd2b003eae04f41879b25d8431a9a9) Importer(2089858483,0ecaa5967403d082aa24f35e1b516d23) Generated GUIDs only implemented for interfaces!
 -> (artifact id: '0997c84c84060e8393540454df52dd27') in 0.027240 seconds
Number of updated asset objects reloaded before import = 0
Number of asset objects unloaded after import = 3
========================================================================
Received Import Request.
  Time since last request: 0.000018 seconds.
  path: Assets/Assets/Objects/rock_largeB.fbx
  artifactKey: Guid(42343a751d2af824e93ea0fc5be5f098) Importer(2089858483,0ecaa5967403d082aa24f35e1b516d23)
Start importing Assets/Assets/Objects/rock_largeB.fbx using Guid(42343a751d2af824e93ea0fc5be5f098) Importer(2089858483,0ecaa5967403d082aa24f35e1b516d23) Generated GUIDs only implemented for interfaces!
 -> (artifact id: '3a20db6a5bf36a54b0cea0f3ea20f990') in 0.039248 seconds
Number of updated asset objects reloaded before import = 0
Number of asset objects unloaded after import = 9
========================================================================
Received Import Request.
  Time since last request: 0.000020 seconds.
  path: Assets/Assets/Terrain/platform_end.fbx
  artifactKey: Guid(69c6bdd9dfe01264ba742c40eec44468) Importer(2089858483,0ecaa5967403d082aa24f35e1b516d23)
Start importing Assets/Assets/Terrain/platform_end.fbx using Guid(69c6bdd9dfe01264ba742c40eec44468) Importer(2089858483,0ecaa5967403d082aa24f35e1b516d23) Generated GUIDs only implemented for interfaces!
 -> (artifact id: 'c78ffe1f0ee84ab7d6bf849c1d6c18ba') in 0.043690 seconds
Number of updated asset objects reloaded before import = 0
Number of asset objects unloaded after import = 10
========================================================================
Received Import Request.
  Time since last request: 0.000029 seconds.
  path: Assets/Assets/FBX_Models/terrain_sideEnd.fbx
  artifactKey: Guid(5b51bd3cb74f44a47816e74b2c2cff39) Importer(2089858483,0ecaa5967403d082aa24f35e1b516d23)
Start importing Assets/Assets/FBX_Models/terrain_sideEnd.fbx using Guid(5b51bd3cb74f44a47816e74b2c2cff39) Importer(2089858483,0ecaa5967403d082aa24f35e1b516d23) Generated GUIDs only implemented for interfaces!
 -> (artifact id: 'ccf837e6dd37587e98f05795a60e59fe') in 0.041477 seconds
Number of updated asset objects reloaded before import = 0
Number of asset objects unloaded after import = 10
========================================================================
Received Import Request.
  Time since last request: 0.000017 seconds.
  path: Assets/Assets/Ships/craft_miner.fbx
  artifactKey: Guid(ea415614354db694983c7baa7007aaa4) Importer(2089858483,0ecaa5967403d082aa24f35e1b516d23)
Start importing Assets/Assets/Ships/craft_miner.fbx using Guid(ea415614354db694983c7baa7007aaa4) Importer(2089858483,0ecaa5967403d082aa24f35e1b516d23) Generated GUIDs only implemented for interfaces!
 -> (artifact id: '9d8f5e14e7bf55985851bffbfb9afb7d') in 0.047076 seconds
Number of updated asset objects reloaded before import = 0
Number of asset objects unloaded after import = 11
========================================================================
Received Import Request.
  Time since last request: 0.000017 seconds.
  path: Assets/AudioSources/Lasers/laser4.ogg
  artifactKey: Guid(883162bcad00039479111d00fff4e986) Importer(2089858483,0ecaa5967403d082aa24f35e1b516d23)
Start importing Assets/AudioSources/Lasers/laser4.ogg using Guid(883162bcad00039479111d00fff4e986) Importer(2089858483,0ecaa5967403d082aa24f35e1b516d23) Generated GUIDs only implemented for interfaces!
 -> (artifact id: 'f885b5c71793a292c27dd48a9afa8cb0') in 0.059750 seconds
Number of updated asset objects reloaded before import = 0
Number of asset objects unloaded after import = 1
========================================================================
Received Import Request.
  Time since last request: 0.000017 seconds.
  path: Assets/AudioSources/Lasers/laser2.ogg
  artifactKey: Guid(782bcc6ec8c1198439b95a42bb7ea094) Importer(2089858483,0ecaa5967403d082aa24f35e1b516d23)
Start importing Assets/AudioSources/Lasers/laser2.ogg using Guid(782bcc6ec8c1198439b95a42bb7ea094) Importer(2089858483,0ecaa5967403d082aa24f35e1b516d23) Generated GUIDs only implemented for interfaces!
 -> (artifact id: 'c3fbd84141f812c5997af6584dbdb473') in 0.054273 seconds
Number of updated asset objects reloaded before import = 0
Number of asset objects unloaded after import = 1
========================================================================
Received Import Request.
  Time since last request: 0.000017 seconds.
  path: Assets/AudioSources/PowerUps/powerUp4.ogg
  artifactKey: Guid(e18c6cb90e5ef264aa197b654813a84b) Importer(2089858483,0ecaa5967403d082aa24f35e1b516d23)
Start importing Assets/AudioSources/PowerUps/powerUp4.ogg using Guid(e18c6cb90e5ef264aa197b654813a84b) Importer(2089858483,0ecaa5967403d082aa24f35e1b516d23) Generated GUIDs only implemented for interfaces!
 -> (artifact id: 'f5f647c90cb02a44175606cb0230b2ea') in 0.050574 seconds
Number of updated asset objects reloaded before import = 0
Number of asset objects unloaded after import = 1
========================================================================
Received Import Request.
  Time since last request: 0.000026 seconds.
  path: Assets/Assets/Terrain/terrain_roadCross.fbx
  artifactKey: Guid(6792f267d2f7eee4bb71816163ba5041) Importer(2089858483,0ecaa5967403d082aa24f35e1b516d23)
Start importing Assets/Assets/Terrain/terrain_roadCross.fbx using Guid(6792f267d2f7eee4bb71816163ba5041) Importer(2089858483,0ecaa5967403d082aa24f35e1b516d23) Generated GUIDs only implemented for interfaces!
 -> (artifact id: 'cb01850799f337ba2116241e0392c324') in 0.040695 seconds
Number of updated asset objects reloaded before import = 0
Number of asset objects unloaded after import = 9
========================================================================
Received Import Request.
  Time since last request: 0.000028 seconds.
  path: Assets/AudioSources/Lasers/laser3.ogg
  artifactKey: Guid(802b5c572dbc1e549975b945ac16a4d5) Importer(2089858483,0ecaa5967403d082aa24f35e1b516d23)
Start importing Assets/AudioSources/Lasers/laser3.ogg using Guid(802b5c572dbc1e549975b945ac16a4d5) Importer(2089858483,0ecaa5967403d082aa24f35e1b516d23) Generated GUIDs only implemented for interfaces!
 -> (artifact id: '88d076ef2c9d011f2ff29978a741f873') in 0.056279 seconds
Number of updated asset objects reloaded before import = 0
Number of asset objects unloaded after import = 1
========================================================================
Received Import Request.
  Time since last request: 0.000016 seconds.
  path: Assets/AudioSources/PowerUps/powerUp5.ogg
  artifactKey: Guid(9f2d94871f1f0fb4292d59aeef3e1584) Importer(2089858483,0ecaa5967403d082aa24f35e1b516d23)
Start importing Assets/AudioSources/PowerUps/powerUp5.ogg using Guid(9f2d94871f1f0fb4292d59aeef3e1584) Importer(2089858483,0ecaa5967403d082aa24f35e1b516d23) Generated GUIDs only implemented for interfaces!
 -> (artifact id: '1384670af53bc296a5e2fb90bf45a32e') in 0.051845 seconds
Number of updated asset objects reloaded before import = 0
Number of asset objects unloaded after import = 1
========================================================================
Received Import Request.
  Time since last request: 0.000019 seconds.
  path: Assets/AudioSources/PowerUps/powerUp6.ogg
  artifactKey: Guid(3eee0a5ac00fdba408a61ef49c4ca8ef) Importer(2089858483,0ecaa5967403d082aa24f35e1b516d23)
Start importing Assets/AudioSources/PowerUps/powerUp6.ogg using Guid(3eee0a5ac00fdba408a61ef49c4ca8ef) Importer(2089858483,0ecaa5967403d082aa24f35e1b516d23) Generated GUIDs only implemented for interfaces!
 -> (artifact id: '2bf869f59c26205bf5d4d5ed532242e1') in 0.060621 seconds
Number of updated asset objects reloaded before import = 0
Number of asset objects unloaded after import = 1
========================================================================
Received Import Request.
  Time since last request: 0.000019 seconds.
  path: Assets/AudioSources/Songs/Song4.mp3
  artifactKey: Guid(cbf89be4240d2414a93fa933b8355d8d) Importer(2089858483,0ecaa5967403d082aa24f35e1b516d23)
Start importing Assets/AudioSources/Songs/Song4.mp3 using Guid(cbf89be4240d2414a93fa933b8355d8d) Importer(2089858483,0ecaa5967403d082aa24f35e1b516d23) Generated GUIDs only implemented for interfaces!
 -> (artifact id: '2f3a8dcf766de4442ebe341c21205e24') in 0.089648 seconds
Number of updated asset objects reloaded before import = 0
Number of asset objects unloaded after import = 1
========================================================================
Received Import Request.
  Time since last request: 0.000035 seconds.
  path: Assets/AudioSources/Lasers/laser7.ogg
  artifactKey: Guid(91e9822d7ac30c043b45fcd9e35b99b0) Importer(2089858483,0ecaa5967403d082aa24f35e1b516d23)
Start importing Assets/AudioSources/Lasers/laser7.ogg using Guid(91e9822d7ac30c043b45fcd9e35b99b0) Importer(2089858483,0ecaa5967403d082aa24f35e1b516d23) Generated GUIDs only implemented for interfaces!
 -> (artifact id: 'dcbbe59b9b064de951d3f8627e92cc65') in 0.050295 seconds
Number of updated asset objects reloaded before import = 0
Number of asset objects unloaded after import = 1
========================================================================
Received Import Request.
  Time since last request: 0.000018 seconds.
  path: Assets/Prefabs/Buildings/Hangar_Small_2.prefab
  artifactKey: Guid(8a18dc8c57d00514894a98392e43cadd) Importer(2089858483,0ecaa5967403d082aa24f35e1b516d23)
Start importing Assets/Prefabs/Buildings/Hangar_Small_2.prefab using Guid(8a18dc8c57d00514894a98392e43cadd) Importer(2089858483,0ecaa5967403d082aa24f35e1b516d23) Generated GUIDs only implemented for interfaces!
 -> (artifact id: '4777eb3980f5387809fd9ec96481e75e') in 0.057121 seconds
Number of updated asset objects reloaded before import = 0
Number of asset objects unloaded after import = 54
========================================================================
Received Import Request.
  Time since last request: 0.000017 seconds.
  path: Assets/Prefabs/Colectables/Barrel.prefab
  artifactKey: Guid(4c1850dfd02f5ea42adb930ff6b4ab88) Importer(2089858483,0ecaa5967403d082aa24f35e1b516d23)
Start importing Assets/Prefabs/Colectables/Barrel.prefab using Guid(4c1850dfd02f5ea42adb930ff6b4ab88) Importer(2089858483,0ecaa5967403d082aa24f35e1b516d23) Generated GUIDs only implemented for interfaces!
 -> (artifact id: 'c46a4b4a4cafdaaf1a4d0baf2d269d0b') in 0.022442 seconds
Number of updated asset objects reloaded before import = 0
Number of asset objects unloaded after import = 13
========================================================================
Received Import Request.
  Time since last request: 0.000014 seconds.
  path: Assets/Prefabs/Objects/Machine_Barrel.prefab
  artifactKey: Guid(0f2115456dc653e4ca2bc585ff181816) Importer(2089858483,0ecaa5967403d082aa24f35e1b516d23)
Start importing Assets/Prefabs/Objects/Machine_Barrel.prefab using Guid(0f2115456dc653e4ca2bc585ff181816) Importer(2089858483,0ecaa5967403d082aa24f35e1b516d23) Generated GUIDs only implemented for interfaces!
 -> (artifact id: '0c98141ea684adb4478266ba50731f11') in 0.024227 seconds
Number of updated asset objects reloaded before import = 0
Number of asset objects unloaded after import = 44
========================================================================
Received Import Request.
  Time since last request: 0.000020 seconds.
  path: Assets/Prefabs/Objects/Machin_Barrel_2.prefab
  artifactKey: Guid(e137f39f1325acf47baa931ad7c066d7) Importer(2089858483,0ecaa5967403d082aa24f35e1b516d23)
Start importing Assets/Prefabs/Objects/Machin_Barrel_2.prefab using Guid(e137f39f1325acf47baa931ad7c066d7) Importer(2089858483,0ecaa5967403d082aa24f35e1b516d23) Generated GUIDs only implemented for interfaces!
 -> (artifact id: '3d15cc92f52b75a9027576b494da2778') in 0.029259 seconds
Number of updated asset objects reloaded before import = 0
Number of asset objects unloaded after import = 35
========================================================================
Received Import Request.
  Time since last request: 0.000017 seconds.
  path: Assets/Prefabs/Objects/Rock.prefab
  artifactKey: Guid(0fd99d17b09c2204f80997ee641e4121) Importer(2089858483,0ecaa5967403d082aa24f35e1b516d23)
Start importing Assets/Prefabs/Objects/Rock.prefab using Guid(0fd99d17b09c2204f80997ee641e4121) Importer(2089858483,0ecaa5967403d082aa24f35e1b516d23) Generated GUIDs only implemented for interfaces!
 -> (artifact id: '8e9b486db2f2cdd92ddf9eb6d92d82b9') in 0.023474 seconds
Number of updated asset objects reloaded before import = 0
Number of asset objects unloaded after import = 35
========================================================================
Received Import Request.
  Time since last request: 0.000035 seconds.
  path: Assets/Prefabs/Objects/Rock_2.prefab
  artifactKey: Guid(ccadf426ae552c24789f784359259fa8) Importer(2089858483,0ecaa5967403d082aa24f35e1b516d23)
Start importing Assets/Prefabs/Objects/Rock_2.prefab using Guid(ccadf426ae552c24789f784359259fa8) Importer(2089858483,0ecaa5967403d082aa24f35e1b516d23) Generated GUIDs only implemented for interfaces!
 -> (artifact id: 'ac74a67940fea36baec0c7489ed6982c') in 0.024148 seconds
Number of updated asset objects reloaded before import = 0
Number of asset objects unloaded after import = 35
========================================================================
Received Import Request.
  Time since last request: 0.000030 seconds.
  path: Assets/Prefabs/Buildings/Hangar_Small.prefab
  artifactKey: Guid(807d0539581cdf84cb7717c67159a743) Importer(2089858483,0ecaa5967403d082aa24f35e1b516d23)
Start importing Assets/Prefabs/Buildings/Hangar_Small.prefab using Guid(807d0539581cdf84cb7717c67159a743) Importer(2089858483,0ecaa5967403d082aa24f35e1b516d23) Generated GUIDs only implemented for interfaces!
 -> (artifact id: '1589baeea106f6b931be7ffa1bdd1d48') in 0.025550 seconds
Number of updated asset objects reloaded before import = 0
Number of asset objects unloaded after import = 54
========================================================================
Received Import Request.
  Time since last request: 0.000018 seconds.
  path: Assets/Prefabs/Blocks/Block_7.prefab
  artifactKey: Guid(81f52ae53a65061438b1c6e2f516a647) Importer(2089858483,0ecaa5967403d082aa24f35e1b516d23)
Start importing Assets/Prefabs/Blocks/Block_7.prefab using Guid(81f52ae53a65061438b1c6e2f516a647) Importer(2089858483,0ecaa5967403d082aa24f35e1b516d23) Generated GUIDs only implemented for interfaces!
 -> (artifact id: '3837ae3bf8164d040ffc83ec2d322bec') in 0.039889 seconds
Number of updated asset objects reloaded before import = 0
Number of asset objects unloaded after import = 565
========================================================================
Received Import Request.
  Time since last request: 0.000021 seconds.
  path: Assets/Prefabs/Objects/Rock_Cristals_2.prefab
  artifactKey: Guid(6328fa7e006a6e4419c70a9524030f4c) Importer(2089858483,0ecaa5967403d082aa24f35e1b516d23)
Start importing Assets/Prefabs/Objects/Rock_Cristals_2.prefab using Guid(6328fa7e006a6e4419c70a9524030f4c) Importer(2089858483,0ecaa5967403d082aa24f35e1b516d23) Generated GUIDs only implemented for interfaces!
 -> (artifact id: 'b7406f33f86e1c9829044f4f78d0b7bd') in 0.023734 seconds
Number of updated asset objects reloaded before import = 0
Number of asset objects unloaded after import = 35
========================================================================
Received Import Request.
  Time since last request: 0.000016 seconds.
  path: Assets/Prefabs/Blocks/Block_17.prefab
  artifactKey: Guid(43ed04732d410654ba4bdee1dcbcd290) Importer(2089858483,0ecaa5967403d082aa24f35e1b516d23)
Start importing Assets/Prefabs/Blocks/Block_17.prefab using Guid(43ed04732d410654ba4bdee1dcbcd290) Importer(2089858483,0ecaa5967403d082aa24f35e1b516d23) Generated GUIDs only implemented for interfaces!
 -> (artifact id: '77b34f79678a8c7fad9bb622bf92a1be') in 0.025727 seconds
Number of updated asset objects reloaded before import = 0
Number of asset objects unloaded after import = 548
========================================================================
Received Import Request.
  Time since last request: 0.000018 seconds.
  path: Assets/Prefabs/Blocks/Block_14.prefab
  artifactKey: Guid(f2ba186b93b26ce498a910cae28afd45) Importer(2089858483,0ecaa5967403d082aa24f35e1b516d23)
Start importing Assets/Prefabs/Blocks/Block_14.prefab using Guid(f2ba186b93b26ce498a910cae28afd45) Importer(2089858483,0ecaa5967403d082aa24f35e1b516d23) Generated GUIDs only implemented for interfaces!
 -> (artifact id: '24f1b472125288cd844fac90d2b541db') in 0.023138 seconds
Number of updated asset objects reloaded before import = 0
Number of asset objects unloaded after import = 506
========================================================================
Received Import Request.
  Time since last request: 0.000015 seconds.
  path: Assets/Assets/Terrain/platform_straight.fbx
  artifactKey: Guid(6f41b61db22def340afcbffe34696dea) Importer(2089858483,0ecaa5967403d082aa24f35e1b516d23)
Start importing Assets/Assets/Terrain/platform_straight.fbx using Guid(6f41b61db22def340afcbffe34696dea) Importer(2089858483,0ecaa5967403d082aa24f35e1b516d23) Generated GUIDs only implemented for interfaces!
 -> (artifact id: '5ba07cee22cf453e0638bd1d6bf884fe') in 0.034773 seconds
Number of updated asset objects reloaded before import = 0
Number of asset objects unloaded after import = 11
========================================================================
Received Import Request.
  Time since last request: 0.000017 seconds.
  path: Assets/Assets/Turrets/turret_single.fbx
  artifactKey: Guid(1beae05004895324c95714909b035ec3) Importer(2089858483,0ecaa5967403d082aa24f35e1b516d23)
Start importing Assets/Assets/Turrets/turret_single.fbx using Guid(1beae05004895324c95714909b035ec3) Importer(2089858483,0ecaa5967403d082aa24f35e1b516d23) Generated GUIDs only implemented for interfaces!
 -> (artifact id: '2a3c5f08155de684233c2a2b97962f48') in 0.046343 seconds
Number of updated asset objects reloaded before import = 0
Number of asset objects unloaded after import = 26
========================================================================
Received Import Request.
  Time since last request: 0.000021 seconds.
  path: Assets/AudioSources/PowerUps/powerUp2.ogg
  artifactKey: Guid(438b0cf18a4efea4d87fd47aece6d030) Importer(2089858483,0ecaa5967403d082aa24f35e1b516d23)
Start importing Assets/AudioSources/PowerUps/powerUp2.ogg using Guid(438b0cf18a4efea4d87fd47aece6d030) Importer(2089858483,0ecaa5967403d082aa24f35e1b516d23) Generated GUIDs only implemented for interfaces!
 -> (artifact id: '3ca4028be6f615a197fa42fcef8cfc41') in 0.046669 seconds
Number of updated asset objects reloaded before import = 0
Number of asset objects unloaded after import = 1
========================================================================
Received Import Request.
  Time since last request: 0.000025 seconds.
  path: Assets/Assets/FBX_Models/desk_computerCorner.fbx
  artifactKey: Guid(eb8bfcb6f32e07940809fe6a0364644e) Importer(2089858483,0ecaa5967403d082aa24f35e1b516d23)
Start importing Assets/Assets/FBX_Models/desk_computerCorner.fbx using Guid(eb8bfcb6f32e07940809fe6a0364644e) Importer(2089858483,0ecaa5967403d082aa24f35e1b516d23) Generated GUIDs only implemented for interfaces!
 -> (artifact id: '29b7f79a1a41b1241c18f10d86d3d4a4') in 0.037215 seconds
Number of updated asset objects reloaded before import = 0
Number of asset objects unloaded after import = 10
========================================================================
Received Import Request.
  Time since last request: 0.000015 seconds.
  path: Assets/Assets/FBX_Models/rail_middle.fbx
  artifactKey: Guid(2ea1a6767004ba940b6b0a20b0da18ce) Importer(2089858483,0ecaa5967403d082aa24f35e1b516d23)
Start importing Assets/Assets/FBX_Models/rail_middle.fbx using Guid(2ea1a6767004ba940b6b0a20b0da18ce) Importer(2089858483,0ecaa5967403d082aa24f35e1b516d23) Generated GUIDs only implemented for interfaces!
 -> (artifact id: '7df1c5b396f4339942cf6dd687da026c') in 0.035069 seconds
Number of updated asset objects reloaded before import = 0
Number of asset objects unloaded after import = 9
========================================================================
Received Import Request.
  Time since last request: 0.000021 seconds.
  path: Assets/Assets/FBX_Models/pipe_ringHigh.fbx
  artifactKey: Guid(8a0787be404b3864b80d62be955065f3) Importer(2089858483,0ecaa5967403d082aa24f35e1b516d23)
Start importing Assets/Assets/FBX_Models/pipe_ringHigh.fbx using Guid(8a0787be404b3864b80d62be955065f3) Importer(2089858483,0ecaa5967403d082aa24f35e1b516d23) Generated GUIDs only implemented for interfaces!
 -> (artifact id: 'a9c1434c9b6b6ddf4763f1c179840f23') in 0.041835 seconds
Number of updated asset objects reloaded before import = 0
Number of asset objects unloaded after import = 12
========================================================================
Received Import Request.
  Time since last request: 0.000024 seconds.
  path: Assets/Prefabs/Terrains/Terrain4.prefab
  artifactKey: Guid(8f93cf444a793ca4d9ee7e7105626521) Importer(2089858483,0ecaa5967403d082aa24f35e1b516d23)
Start importing Assets/Prefabs/Terrains/Terrain4.prefab using Guid(8f93cf444a793ca4d9ee7e7105626521) Importer(2089858483,0ecaa5967403d082aa24f35e1b516d23) Generated GUIDs only implemented for interfaces!
 -> (artifact id: 'ac9eedd2b34dddf9489b6f52ffea486c') in 0.021237 seconds
Number of updated asset objects reloaded before import = 0
Number of asset objects unloaded after import = 227
========================================================================
Received Import Request.
  Time since last request: 0.000017 seconds.
  path: Assets/Scripts/Collectables/PowerUpCollectible.cs
  artifactKey: Guid(0b9b514c34da1c7428a626b1e32267e8) Importer(2089858483,0ecaa5967403d082aa24f35e1b516d23)
Start importing Assets/Scripts/Collectables/PowerUpCollectible.cs using Guid(0b9b514c34da1c7428a626b1e32267e8) Importer(2089858483,0ecaa5967403d082aa24f35e1b516d23) Generated GUIDs only implemented for interfaces!
 -> (artifact id: '529bc83269a48742564396ef94f49ecd') in 0.014643 seconds
Number of updated asset objects reloaded before import = 0
Number of asset objects unloaded after import = 1
========================================================================
Received Import Request.
  Time since last request: 0.000024 seconds.
  path: Assets/Prefabs/Terrain_Blocks/Terrain_RoadCurbe.prefab
  artifactKey: Guid(ec209c3ac300cd443b269071f8f34cf8) Importer(2089858483,0ecaa5967403d082aa24f35e1b516d23)
Start importing Assets/Prefabs/Terrain_Blocks/Terrain_RoadCurbe.prefab using Guid(ec209c3ac300cd443b269071f8f34cf8) Importer(2089858483,0ecaa5967403d082aa24f35e1b516d23) Generated GUIDs only implemented for interfaces!
 -> (artifact id: '3f3c4c045dfaabe9d02a3e312b2cc5c3') in 0.014680 seconds
Number of updated asset objects reloaded before import = 0
Number of asset objects unloaded after import = 9
========================================================================
Received Import Request.
  Time since last request: 0.000018 seconds.
  path: Assets/Scripts/Player/ProjectilePlayer.cs
  artifactKey: Guid(589fe22eeecd96a479bcbc135705da95) Importer(2089858483,0ecaa5967403d082aa24f35e1b516d23)
Start importing Assets/Scripts/Player/ProjectilePlayer.cs using Guid(589fe22eeecd96a479bcbc135705da95) Importer(2089858483,0ecaa5967403d082aa24f35e1b516d23) Generated GUIDs only implemented for interfaces!
 -> (artifact id: '67a04e62efe83281074e03ccf2111364') in 0.009805 seconds
Number of updated asset objects reloaded before import = 0
Number of asset objects unloaded after import = 1
========================================================================
Received Import Request.
  Time since last request: 0.000017 seconds.
  path: Assets/Scripts/Enemy/WaveSystem.cs
  artifactKey: Guid(d4e0cc3e6e56de841b254c4fa104195e) Importer(2089858483,0ecaa5967403d082aa24f35e1b516d23)
Start importing Assets/Scripts/Enemy/WaveSystem.cs using Guid(d4e0cc3e6e56de841b254c4fa104195e) Importer(2089858483,0ecaa5967403d082aa24f35e1b516d23) Generated GUIDs only implemented for interfaces!
 -> (artifact id: '45775e35cd08bcf9c79dc814041b4acf') in 0.016574 seconds
Number of updated asset objects reloaded before import = 0
Number of asset objects unloaded after import = 1
========================================================================
Received Import Request.
  Time since last request: 0.000018 seconds.
  path: Assets/Scripts/Player/PlayerController.cs
  artifactKey: Guid(74a97e71a14f4984a8d55f983365a452) Importer(2089858483,0ecaa5967403d082aa24f35e1b516d23)
Start importing Assets/Scripts/Player/PlayerController.cs using Guid(74a97e71a14f4984a8d55f983365a452) Importer(2089858483,0ecaa5967403d082aa24f35e1b516d23) Generated GUIDs only implemented for interfaces!
 -> (artifact id: '2bd425a00bb82e6687806eb52a0359fa') in 0.013815 seconds
Number of updated asset objects reloaded before import = 0
Number of asset objects unloaded after import = 1
========================================================================
Received Import Request.
  Time since last request: 0.000028 seconds.
  path: Assets/Prefabs/Player/Metal_Blue.mat
  artifactKey: Guid(c1551ba07d0be074a8bade8ee3536968) Importer(2089858483,0ecaa5967403d082aa24f35e1b516d23)
Start importing Assets/Prefabs/Player/Metal_Blue.mat using Guid(c1551ba07d0be074a8bade8ee3536968) Importer(2089858483,0ecaa5967403d082aa24f35e1b516d23) Generated GUIDs only implemented for interfaces!
 -> (artifact id: '28a530bd3dbdf4afb32450c2bd870d3b') in 0.017674 seconds
Number of updated asset objects reloaded before import = 0
Number of asset objects unloaded after import = 1
========================================================================
Received Import Request.
  Time since last request: 0.000026 seconds.
  path: Assets/Textures/UI/green_panel.png
  artifactKey: Guid(16801269112ea7b49b5301ffd3bbd3f2) Importer(2089858483,0ecaa5967403d082aa24f35e1b516d23)
Start importing Assets/Textures/UI/green_panel.png using Guid(16801269112ea7b49b5301ffd3bbd3f2) Importer(2089858483,0ecaa5967403d082aa24f35e1b516d23) Generated GUIDs only implemented for interfaces!
 -> (artifact id: '8898f3fc3dd5dbea7d52d33357ddaebf') in 0.030603 seconds
Number of updated asset objects reloaded before import = 0
Number of asset objects unloaded after import = 3
========================================================================
Received Import Request.
  Time since last request: 0.000016 seconds.
  path: Assets/Prefabs/Terrains/Terrain0.prefab
  artifactKey: Guid(fb22276b50fa79b468b331a9debc66e4) Importer(2089858483,0ecaa5967403d082aa24f35e1b516d23)
Start importing Assets/Prefabs/Terrains/Terrain0.prefab using Guid(fb22276b50fa79b468b331a9debc66e4) Importer(2089858483,0ecaa5967403d082aa24f35e1b516d23) Generated GUIDs only implemented for interfaces!
 -> (artifact id: 'e2a884f9d023b22398cf2dd36f614499') in 0.027055 seconds
Number of updated asset objects reloaded before import = 0
Number of asset objects unloaded after import = 207
========================================================================
Received Import Request.
  Time since last request: 0.000026 seconds.
  path: Assets/Scripts/Player/PlayerCurrency.cs
  artifactKey: Guid(1a4abfa5225fb0445ad36173ca168fb9) Importer(2089858483,0ecaa5967403d082aa24f35e1b516d23)
Start importing Assets/Scripts/Player/PlayerCurrency.cs using Guid(1a4abfa5225fb0445ad36173ca168fb9) Importer(2089858483,0ecaa5967403d082aa24f35e1b516d23) Generated GUIDs only implemented for interfaces!
 -> (artifact id: '3b22e3b061ec8f9f12a40f79490b10ee') in 0.014712 seconds
Number of updated asset objects reloaded before import = 0
Number of asset objects unloaded after import = 1
========================================================================
Received Import Request.
  Time since last request: 0.000018 seconds.
  path: Assets/Scripts/UI/QuitButton.cs
  artifactKey: Guid(a37723cbe5226084a8f94431ea426acf) Importer(2089858483,0ecaa5967403d082aa24f35e1b516d23)
Start importing Assets/Scripts/UI/QuitButton.cs using Guid(a37723cbe5226084a8f94431ea426acf) Importer(2089858483,0ecaa5967403d082aa24f35e1b516d23) Generated GUIDs only implemented for interfaces!
 -> (artifact id: '31b059d41c6c0357373665d476da6f27') in 0.012766 seconds
Number of updated asset objects reloaded before import = 0
Number of asset objects unloaded after import = 1
========================================================================
Received Import Request.
  Time since last request: 0.000016 seconds.
  path: Assets/Textures/UI/Earth.png
  artifactKey: Guid(5d931ca5ebeaed44daca7733c5ce0d79) Importer(2089858483,0ecaa5967403d082aa24f35e1b516d23)
Start importing Assets/Textures/UI/Earth.png using Guid(5d931ca5ebeaed44daca7733c5ce0d79) Importer(2089858483,0ecaa5967403d082aa24f35e1b516d23) Generated GUIDs only implemented for interfaces!
 -> (artifact id: '59255114d086c86d28a331d2ffdeda6c') in 0.029664 seconds
Number of updated asset objects reloaded before import = 0
Number of asset objects unloaded after import = 3
========================================================================
Received Import Request.
  Time since last request: 0.000016 seconds.
  path: Assets/Scripts/Sound/MainMenuSoundManager.cs
  artifactKey: Guid(11638d54727aab944b45a376c66aec77) Importer(2089858483,0ecaa5967403d082aa24f35e1b516d23)
Start importing Assets/Scripts/Sound/MainMenuSoundManager.cs using Guid(11638d54727aab944b45a376c66aec77) Importer(2089858483,0ecaa5967403d082aa24f35e1b516d23) Generated GUIDs only implemented for interfaces!
 -> (artifact id: '74974b5ac91d4995029fcf9154441317') in 0.012087 seconds
Number of updated asset objects reloaded before import = 0
Number of asset objects unloaded after import = 1
========================================================================
Received Import Request.
  Time since last request: 0.000018 seconds.
  path: Assets/Scripts/Collectables/BarrelCollectible.cs
  artifactKey: Guid(ba4ec1f49339aec48be88a8a755e1dcd) Importer(2089858483,0ecaa5967403d082aa24f35e1b516d23)
Start importing Assets/Scripts/Collectables/BarrelCollectible.cs using Guid(ba4ec1f49339aec48be88a8a755e1dcd) Importer(2089858483,0ecaa5967403d082aa24f35e1b516d23) Generated GUIDs only implemented for interfaces!
 -> (artifact id: '83519541f2508658fcc1a55ff89fe100') in 0.013065 seconds
Number of updated asset objects reloaded before import = 0
Number of asset objects unloaded after import = 1
========================================================================
Received Import Request.
  Time since last request: 0.000013 seconds.
  path: Assets/Prefabs/Terrain_Blocks/Platform_CornerOpen Variant.prefab
  artifactKey: Guid(ee32567f99f916a4ba43d0c8cfe42ebf) Importer(2089858483,0ecaa5967403d082aa24f35e1b516d23)
Start importing Assets/Prefabs/Terrain_Blocks/Platform_CornerOpen Variant.prefab using Guid(ee32567f99f916a4ba43d0c8cfe42ebf) Importer(2089858483,0ecaa5967403d082aa24f35e1b516d23) Generated GUIDs only implemented for interfaces!
 -> (artifact id: '810d915c11b1a0f236d06c688554b50f') in 0.020436 seconds
Number of updated asset objects reloaded before import = 0
Number of asset objects unloaded after import = 13
========================================================================
Received Import Request.
  Time since last request: 0.000015 seconds.
  path: Assets/Textures/UI/exit.png
  artifactKey: Guid(71441ee5d3c22d445b2e178374c3973d) Importer(2089858483,0ecaa5967403d082aa24f35e1b516d23)
Start importing Assets/Textures/UI/exit.png using Guid(71441ee5d3c22d445b2e178374c3973d) Importer(2089858483,0ecaa5967403d082aa24f35e1b516d23) Generated GUIDs only implemented for interfaces!
 -> (artifact id: '1391ccbe5c41ded730521eb451c5f877') in 0.027627 seconds
Number of updated asset objects reloaded before import = 0
Number of asset objects unloaded after import = 3
========================================================================
Received Import Request.
  Time since last request: 0.000039 seconds.
  path: Assets/Scripts/UI/UIContainer.cs
  artifactKey: Guid(6d20c05cc0083a14baead111254d9cce) Importer(2089858483,0ecaa5967403d082aa24f35e1b516d23)
Start importing Assets/Scripts/UI/UIContainer.cs using Guid(6d20c05cc0083a14baead111254d9cce) Importer(2089858483,0ecaa5967403d082aa24f35e1b516d23) Generated GUIDs only implemented for interfaces!
 -> (artifact id: '53d3e08f06899e5f439ee5f152b771c2') in 0.013393 seconds
Number of updated asset objects reloaded before import = 0
Number of asset objects unloaded after import = 1
========================================================================
Received Import Request.
  Time since last request: 0.000014 seconds.
  path: Assets/Assets/FBX_Models/pipe_split.fbx
  artifactKey: Guid(3bb6eb958c67c674fb452818a1e6ea01) Importer(2089858483,0ecaa5967403d082aa24f35e1b516d23)
Start importing Assets/Assets/FBX_Models/pipe_split.fbx using Guid(3bb6eb958c67c674fb452818a1e6ea01) Importer(2089858483,0ecaa5967403d082aa24f35e1b516d23) Generated GUIDs only implemented for interfaces!
 -> (artifact id: '9c85e889eb3d9c6ec229ed3ab3963197') in 0.034299 seconds
Number of updated asset objects reloaded before import = 0
Number of asset objects unloaded after import = 10
========================================================================
Received Import Request.
  Time since last request: 0.000023 seconds.
  path: Assets/Assets/Rocket/rocket_fuelA.fbx
  artifactKey: Guid(746637eb626a41943bdca34f9466b2cf) Importer(2089858483,0ecaa5967403d082aa24f35e1b516d23)
Start importing Assets/Assets/Rocket/rocket_fuelA.fbx using Guid(746637eb626a41943bdca34f9466b2cf) Importer(2089858483,0ecaa5967403d082aa24f35e1b516d23) Generated GUIDs only implemented for interfaces!
 -> (artifact id: '5dfa8a1bb8faf6ab246bdc3a9080d869') in 0.034772 seconds
Number of updated asset objects reloaded before import = 0
Number of asset objects unloaded after import = 9
========================================================================
Received Import Request.
  Time since last request: 0.000029 seconds.
  path: Assets/Assets/FBX_Models/desk_chair.fbx
  artifactKey: Guid(a6971dc25e9816545823c54f5b01c36b) Importer(2089858483,0ecaa5967403d082aa24f35e1b516d23)
Start importing Assets/Assets/FBX_Models/desk_chair.fbx using Guid(a6971dc25e9816545823c54f5b01c36b) Importer(2089858483,0ecaa5967403d082aa24f35e1b516d23) Generated GUIDs only implemented for interfaces!
 -> (artifact id: 'dc3f5302b52cbdd490ab8172a83f705b') in 0.031088 seconds
Number of updated asset objects reloaded before import = 0
Number of asset objects unloaded after import = 10
========================================================================
Received Import Request.
  Time since last request: 0.000017 seconds.
  path: Assets/Assets/Rocket/rocket_finsB.fbx
  artifactKey: Guid(fb4a15096ba3725488b53f58ad9fd660) Importer(2089858483,0ecaa5967403d082aa24f35e1b516d23)
Start importing Assets/Assets/Rocket/rocket_finsB.fbx using Guid(fb4a15096ba3725488b53f58ad9fd660) Importer(2089858483,0ecaa5967403d082aa24f35e1b516d23) Generated GUIDs only implemented for interfaces!
 -> (artifact id: 'ece57d8bda62acd9be608d72d471c34c') in 0.033038 seconds
Number of updated asset objects reloaded before import = 0
Number of asset objects unloaded after import = 10
========================================================================
Received Import Request.
  Time since last request: 0.000017 seconds.
  path: Assets/Fonts/Kenney Future Narrow.ttf
  artifactKey: Guid(1887452ae7bf8b54e916f2e612a76045) Importer(2089858483,0ecaa5967403d082aa24f35e1b516d23)
Start importing Assets/Fonts/Kenney Future Narrow.ttf using Guid(1887452ae7bf8b54e916f2e612a76045) Importer(2089858483,0ecaa5967403d082aa24f35e1b516d23) Generated GUIDs only implemented for interfaces!
 -> (artifact id: 'f1a7234544b3e9a3528c0ef34b36ea85') in 0.021019 seconds
Number of updated asset objects reloaded before import = 0
Number of asset objects unloaded after import = 3
========================================================================
Received Import Request.
  Time since last request: 0.000016 seconds.
  path: Assets/Prefabs/Blocks/Block_16.prefab
  artifactKey: Guid(86e73e6620b44af428f609ea2fd5cf94) Importer(2089858483,0ecaa5967403d082aa24f35e1b516d23)
Start importing Assets/Prefabs/Blocks/Block_16.prefab using Guid(86e73e6620b44af428f609ea2fd5cf94) Importer(2089858483,0ecaa5967403d082aa24f35e1b516d23) Generated GUIDs only implemented for interfaces!
 -> (artifact id: '14efe18b9a839932b47400c611a2c76f') in 0.027062 seconds
Number of updated asset objects reloaded before import = 0
Number of asset objects unloaded after import = 671
========================================================================
Received Import Request.
  Time since last request: 0.000026 seconds.
  path: Assets/Textures/UI/X_Button.png
  artifactKey: Guid(bc173433f54f4904f81d13fe3dacd44e) Importer(2089858483,0ecaa5967403d082aa24f35e1b516d23)
Start importing Assets/Textures/UI/X_Button.png using Guid(bc173433f54f4904f81d13fe3dacd44e) Importer(2089858483,0ecaa5967403d082aa24f35e1b516d23) Generated GUIDs only implemented for interfaces!
 -> (artifact id: '7b76185bc4c9a1cb2acb70b0f879be0f') in 0.034323 seconds
Number of updated asset objects reloaded before import = 0
Number of asset objects unloaded after import = 3
========================================================================
Received Import Request.
  Time since last request: 0.000017 seconds.
  path: Assets/Textures/UI/red_panel.png
  artifactKey: Guid(8d0da72db80693543b4029a5de49762f) Importer(2089858483,0ecaa5967403d082aa24f35e1b516d23)
Start importing Assets/Textures/UI/red_panel.png using Guid(8d0da72db80693543b4029a5de49762f) Importer(2089858483,0ecaa5967403d082aa24f35e1b516d23) Generated GUIDs only implemented for interfaces!
 -> (artifact id: '55e5e0a9f48459173bee945d62f3851a') in 0.030562 seconds
Number of updated asset objects reloaded before import = 0
Number of asset objects unloaded after import = 3
========================================================================
Received Import Request.
  Time since last request: 0.000017 seconds.
  path: Assets/Textures/UI/KenneyLogo.png
  artifactKey: Guid(61c64d359533cfe43b1db297726ef430) Importer(2089858483,0ecaa5967403d082aa24f35e1b516d23)
Start importing Assets/Textures/UI/KenneyLogo.png using Guid(61c64d359533cfe43b1db297726ef430) Importer(2089858483,0ecaa5967403d082aa24f35e1b516d23) Generated GUIDs only implemented for interfaces!
 -> (artifact id: 'f0ac935815b3af06d50883430ee5a24b') in 0.034399 seconds
Number of updated asset objects reloaded before import = 0
Number of asset objects unloaded after import = 3
========================================================================
Received Import Request.
  Time since last request: 0.000024 seconds.
  path: Assets/Textures/UI/pause.png
  artifactKey: Guid(b2f908f7fd5647f4baf47bf64dd7b64e) Importer(2089858483,0ecaa5967403d082aa24f35e1b516d23)
Start importing Assets/Textures/UI/pause.png using Guid(b2f908f7fd5647f4baf47bf64dd7b64e) Importer(2089858483,0ecaa5967403d082aa24f35e1b516d23) Generated GUIDs only implemented for interfaces!
 -> (artifact id: '8f27eb8d23d5bff32555fd5f5ab9d7e0') in 0.027140 seconds
Number of updated asset objects reloaded before import = 0
Number of asset objects unloaded after import = 3
========================================================================
Received Import Request.
  Time since last request: 0.000025 seconds.
  path: Assets/Assets/Objects/machine_generatorLarge.fbx
  artifactKey: Guid(e85950861f3629d40a11e8dca69ab41d) Importer(2089858483,0ecaa5967403d082aa24f35e1b516d23)
Start importing Assets/Assets/Objects/machine_generatorLarge.fbx using Guid(e85950861f3629d40a11e8dca69ab41d) Importer(2089858483,0ecaa5967403d082aa24f35e1b516d23) Generated GUIDs only implemented for interfaces!
 -> (artifact id: '89e687a8bb802c7e44ebbbbde2ae8b36') in 0.042388 seconds
Number of updated asset objects reloaded before import = 0
Number of asset objects unloaded after import = 11
========================================================================
Received Import Request.
  Time since last request: 0.000021 seconds.
  path: Assets/Assets/Terrain/platform_long.fbx
  artifactKey: Guid(fd284bf52f61c1f478cdbc477ce8d199) Importer(2089858483,0ecaa5967403d082aa24f35e1b516d23)
Start importing Assets/Assets/Terrain/platform_long.fbx using Guid(fd284bf52f61c1f478cdbc477ce8d199) Importer(2089858483,0ecaa5967403d082aa24f35e1b516d23) Generated GUIDs only implemented for interfaces!
 -> (artifact id: '3153659a91bae1e440c17c103e6998d4') in 0.038134 seconds
Number of updated asset objects reloaded before import = 0
Number of asset objects unloaded after import = 10
========================================================================
Received Import Request.
  Time since last request: 0.000016 seconds.
  path: Assets/Assets/FBX_Models/pipe_supportLow.fbx
  artifactKey: Guid(f4aaa762a31223446a8d5b6a1f274e33) Importer(2089858483,0ecaa5967403d082aa24f35e1b516d23)
Start importing Assets/Assets/FBX_Models/pipe_supportLow.fbx using Guid(f4aaa762a31223446a8d5b6a1f274e33) Importer(2089858483,0ecaa5967403d082aa24f35e1b516d23) Generated GUIDs only implemented for interfaces!
 -> (artifact id: '806e487f9e96bf90094795ba7266cde0') in 0.036279 seconds
Number of updated asset objects reloaded before import = 0
Number of asset objects unloaded after import = 10
========================================================================
Received Import Request.
  Time since last request: 0.000022 seconds.
  path: Assets/Assets/Objects/rock_crystalsLargeA.fbx
  artifactKey: Guid(ce9ff3af3ffe5c44d81482f085f969b2) Importer(2089858483,0ecaa5967403d082aa24f35e1b516d23)
Start importing Assets/Assets/Objects/rock_crystalsLargeA.fbx using Guid(ce9ff3af3ffe5c44d81482f085f969b2) Importer(2089858483,0ecaa5967403d082aa24f35e1b516d23) Generated GUIDs only implemented for interfaces!
 -> (artifact id: '44ab8f5098ac5e7387cda378a6f0dc8a') in 0.040592 seconds
Number of updated asset objects reloaded before import = 0
Number of asset objects unloaded after import = 10
========================================================================
Received Prepare
Refreshing native plugins compatible for Editor in 1.66 ms, found 3 plugins.
Preloading 0 native plugins for Editor in 0.00 ms.
Unloading 0 Unused Serialized files (Serialized files now loaded: 0)
Unloading 1 unused Assets / (0.8 KB). Loaded Objects now: 3641.
Memory consumption went from 75.0 MB to 75.0 MB.
Total: 5.025500 ms (FindLiveObjects: 0.229200 ms CreateObjectMapping: 0.085400 ms MarkObjects: 4.689900 ms  DeleteObjects: 0.020300 ms)

Prepare: number of updated asset objects reloaded= 0
AssetImportParameters requested are different than current active one (requested -> active):
  custom:container-demuxer-ogg: 62fdf1f143b41e24485cea50d1cbac27 -> 
  custom:video-codec-MediaFoundation-h265: 746d11721c4dcdbdad8f713fa42b33f4 -> 
  custom:video-decoder-ogg-theora: a1e56fd34408186e4bbccfd4996cb3dc -> 
  custom:framework-win-MediaFoundation: 216162199b28c13a410421893ffa2e32 -> 
  custom:CustomObjectIndexerAttribute: 756ad292c208cfabdd7b50bc23989ffe -> 
  custom:container-demuxer-webm: 4f35f7cbe854078d1ac9338744f61a02 -> 
  custom:container-muxer-webm: aa71ff27fc2769a1b78a27578f13a17b -> 
  custom:video-decoder-webm-vp8: 9c59270c3fd7afecdb556c50c9e8de78 -> 
  custom:SearchIndexIgnoredProperties: e643bd26f0fe6173181afceb89e7c659 -> 
  custom:AudioImporter_EditorPlatform: d09bf68614088b80899f8185d706f6e7 -> 
  custom:video-encoder-webm-vp8: eb34c28f22e8b96e1ab97ce403110664 -> 
  custom:audio-decoder-ogg-vorbis: bf7c407c2cedff20999df2af8eb42d56 -> 
  custom:audio-encoder-webm-vorbis: bf7c407c2cedff20999df2af8eb42d56 -> 
Editor requested this worker to shutdown with reason: Scaling down because of idle timeout
TcpMessagingSession - receive error: operation aborted. errorcode: 995, details: The I/O operation has been aborted because of either a thread exit or an application request.
AssetImportWorker is now disconnected from the server
Process exiting
Exiting without the bug reporter. Application will terminate with return code 0